{
  "stats": {
    "suites": 2,
    "tests": 2,
    "passes": 2,
    "pending": 0,
    "failures": 0,
    "start": "2022-03-27T08:01:59.177Z",
    "end": "2022-03-27T08:02:11.231Z",
    "duration": 12054,
    "testsRegistered": 2,
    "passPercent": 100,
    "pendingPercent": 0,
    "other": 0,
    "hasOther": false,
    "skipped": 0,
    "hasSkipped": false
  },
  "results": [
    {
      "uuid": "46c95e07-2123-4101-8156-560c35751c37",
      "title": "",
      "fullFile": "",
      "file": "",
      "beforeHooks": [],
      "afterHooks": [],
      "tests": [],
      "suites": [
        {
          "uuid": "5d5b7614-42ab-455b-a52a-92d5886fc015",
          "title": "Register",
          "fullFile": "C:\\Users\\IMBA PC\\Documents\\GitHub\\Test-Brick\\tests\\001_registration_test.js",
          "file": "\\tests\\001_registration_test.js",
          "beforeHooks": [
            {
              "title": "\"before all\" hook: codeceptjs.beforeSuite in \"Register\"",
              "fullTitle": "Register \"before all\" hook: codeceptjs.beforeSuite in \"Register\"",
              "timedOut": false,
              "duration": 487,
              "state": null,
              "speed": null,
              "pass": false,
              "fail": false,
              "pending": false,
              "context": null,
              "code": "scenario.suiteSetup(suite)",
              "err": {},
              "uuid": "3eed4f39-5c61-436f-9019-54491829661d",
              "parentUUID": "5d5b7614-42ab-455b-a52a-92d5886fc015",
              "isHook": true,
              "skipped": false
            },
            {
              "title": "\"before each\" hook: codeceptjs.before in \"Register\"",
              "fullTitle": "Register \"before each\" hook: codeceptjs.before in \"Register\"",
              "timedOut": false,
              "duration": 115,
              "state": null,
              "speed": null,
              "pass": false,
              "fail": false,
              "pending": false,
              "context": null,
              "code": "scenario.setup(suite)",
              "err": {},
              "uuid": "1dfa7db2-9d55-4b4a-bb03-ea754d32faa4",
              "parentUUID": "5d5b7614-42ab-455b-a52a-92d5886fc015",
              "isHook": true,
              "skipped": false
            }
          ],
          "afterHooks": [
            {
              "title": "\"after all\" hook: codeceptjs.afterSuite in \"Register\"",
              "fullTitle": "Register \"after all\" hook: codeceptjs.afterSuite in \"Register\"",
              "timedOut": false,
              "duration": 0,
              "state": null,
              "speed": null,
              "pass": false,
              "fail": false,
              "pending": false,
              "context": null,
              "code": "scenario.suiteTeardown(suite)",
              "err": {},
              "uuid": "b7da7c2a-c7f5-4b18-8de6-38ad73abf387",
              "parentUUID": "5d5b7614-42ab-455b-a52a-92d5886fc015",
              "isHook": true,
              "skipped": false
            },
            {
              "title": "\"after each\" hook: finalize codeceptjs in \"Register\"",
              "fullTitle": "Register \"after each\" hook: finalize codeceptjs in \"Register\"",
              "timedOut": false,
              "duration": 26,
              "state": null,
              "speed": null,
              "pass": false,
              "fail": false,
              "pending": false,
              "context": null,
              "code": "scenario.teardown(suite)",
              "err": {},
              "uuid": "abbaedf6-ee12-47bc-8040-544f8fb3b75f",
              "parentUUID": "5d5b7614-42ab-455b-a52a-92d5886fc015",
              "isHook": true,
              "skipped": false
            }
          ],
          "tests": [
            {
              "title": "Registering With valid data",
              "fullTitle": "Register: Registering With valid data",
              "timedOut": false,
              "duration": 5510,
              "state": "passed",
              "speed": "slow",
              "pass": true,
              "fail": false,
              "pending": false,
              "context": null,
              "code": "I }) => {\n    I.amOnPage(\"\")\n    // Input Username\n    I.waitForVisible(\"#firstName\", process.env.TIMEOUT)\n    I.fillField(\"#firstName\", \"Richi\")\n    // Input Password\n    I.waitForVisible(\"#lastName\", process.env.TIMEOUT)\n    I.fillField(\"#lastName\", \"Ramadhan\")\n    // Input Email\n    I.waitForVisible(\"#email\", process.env.TIMEOUT)\n    I.fillField(\"#email\", email)\n    // Input Phone Number\n    I.waitForVisible(\"#phoneNumber\", process.env.TIMEOUT)\n    I.fillField(\"#phoneNumber\", faker.phone.phoneNumber('+62#########'))\n    // Input Address\n    I.waitForVisible(\"#address\", process.env.TIMEOUT)\n    I.fillField(\"#address\", \"addresss\")\n    // Input Password\n    I.waitForVisible(\"#password\", process.env.TIMEOUT)\n    I.fillField(\"#password\", \"password\")\n    // Input Confirm Password\n    I.waitForVisible(\"#confirm_password\", process.env.TIMEOUT)\n    I.fillField(\"#confirm_password\", \"password\")\n    // Click Regist\n    I.waitForVisible({name : \"register\"}, process.env.TIMEOUT)\n    I.click({name : \"register\"})\n    // verify \n    I.waitForText(\"Success\")",
              "err": {},
              "uuid": "aa3e159c-b396-4f79-9ee1-d05a77203386",
              "parentUUID": "5d5b7614-42ab-455b-a52a-92d5886fc015",
              "isHook": false,
              "skipped": false
            }
          ],
          "suites": [],
          "passes": [
            "aa3e159c-b396-4f79-9ee1-d05a77203386"
          ],
          "failures": [],
          "pending": [],
          "skipped": [],
          "duration": 5510,
          "root": false,
          "rootEmpty": false,
          "_timeout": 0
        },
        {
          "uuid": "b58d6d7d-1b95-4cef-a8da-e1c249d3aaec",
          "title": "Login",
          "fullFile": "C:\\Users\\IMBA PC\\Documents\\GitHub\\Test-Brick\\tests\\002_login_test.js",
          "file": "\\tests\\002_login_test.js",
          "beforeHooks": [
            {
              "title": "\"before all\" hook: codeceptjs.beforeSuite in \"Login\"",
              "fullTitle": "Login \"before all\" hook: codeceptjs.beforeSuite in \"Login\"",
              "timedOut": false,
              "duration": 0,
              "state": null,
              "speed": null,
              "pass": false,
              "fail": false,
              "pending": false,
              "context": null,
              "code": "scenario.suiteSetup(suite)",
              "err": {},
              "uuid": "017d09bb-9a29-4cef-8234-e1d97d6e4f01",
              "parentUUID": "b58d6d7d-1b95-4cef-a8da-e1c249d3aaec",
              "isHook": true,
              "skipped": false
            },
            {
              "title": "\"before each\" hook: codeceptjs.before in \"Login\"",
              "fullTitle": "Login \"before each\" hook: codeceptjs.before in \"Login\"",
              "timedOut": false,
              "duration": 101,
              "state": null,
              "speed": null,
              "pass": false,
              "fail": false,
              "pending": false,
              "context": null,
              "code": "scenario.setup(suite)",
              "err": {},
              "uuid": "fb6b51ef-1eaf-42e5-af77-f9c193407a32",
              "parentUUID": "b58d6d7d-1b95-4cef-a8da-e1c249d3aaec",
              "isHook": true,
              "skipped": false
            }
          ],
          "afterHooks": [
            {
              "title": "\"after all\" hook: codeceptjs.afterSuite in \"Login\"",
              "fullTitle": "Login \"after all\" hook: codeceptjs.afterSuite in \"Login\"",
              "timedOut": false,
              "duration": 0,
              "state": null,
              "speed": null,
              "pass": false,
              "fail": false,
              "pending": false,
              "context": null,
              "code": "scenario.suiteTeardown(suite)",
              "err": {},
              "uuid": "87ff4c42-8f0b-4e2d-9347-21628cff4c03",
              "parentUUID": "b58d6d7d-1b95-4cef-a8da-e1c249d3aaec",
              "isHook": true,
              "skipped": false
            },
            {
              "title": "\"after each\" hook: finalize codeceptjs in \"Login\"",
              "fullTitle": "Login \"after each\" hook: finalize codeceptjs in \"Login\"",
              "timedOut": false,
              "duration": 71,
              "state": null,
              "speed": null,
              "pass": false,
              "fail": false,
              "pending": false,
              "context": null,
              "code": "scenario.teardown(suite)",
              "err": {},
              "uuid": "1e36e1fd-3ebe-4878-b648-5e929efba75f",
              "parentUUID": "b58d6d7d-1b95-4cef-a8da-e1c249d3aaec",
              "isHook": true,
              "skipped": false
            }
          ],
          "tests": [
            {
              "title": "Login With valid data",
              "fullTitle": "Login: Login With valid data",
              "timedOut": false,
              "duration": 5738,
              "state": "passed",
              "speed": "slow",
              "pass": true,
              "fail": false,
              "pending": false,
              "context": null,
              "code": "I }) => {\n    I.amOnPage(\"login\")\n    // Input Username\n    I.waitForVisible(\"#your_email\", process.env.TIMEOUT)\n    I.fillField(\"#your_email\", email)\n    // Input Password\n    I.waitForVisible(\"#password\", process.env.TIMEOUT)\n    I.fillField(\"#password\", \"password\")\n    // Click Submit\n    I.waitForVisible({ name: \"login\" })\n    I.click({ name: \"login\" })\n    // Verify Success message is appear\n    I.waitForText(\"Success\", process.env.TIMEOUT)",
              "err": {},
              "uuid": "30e6b1b6-29f6-4c06-83dc-e3194708b3c4",
              "parentUUID": "b58d6d7d-1b95-4cef-a8da-e1c249d3aaec",
              "isHook": false,
              "skipped": false
            }
          ],
          "suites": [],
          "passes": [
            "30e6b1b6-29f6-4c06-83dc-e3194708b3c4"
          ],
          "failures": [],
          "pending": [],
          "skipped": [],
          "duration": 5738,
          "root": false,
          "rootEmpty": false,
          "_timeout": 0
        }
      ],
      "passes": [],
      "failures": [],
      "pending": [],
      "skipped": [],
      "duration": 0,
      "root": true,
      "rootEmpty": true,
      "_timeout": 0
    }
  ],
  "meta": {
    "mocha": {
      "version": "9.2.2"
    },
    "mochawesome": {
      "options": {
        "quiet": false,
        "reportFilename": "mochawesome",
        "saveHtml": true,
        "saveJson": true,
        "consoleReporter": "spec",
        "useInlineDiffs": false,
        "code": true
      },
      "version": "7.1.3"
    },
    "marge": {
      "options": "reportDir=output/mochawesome/",
      "version": "6.2.0"
    }
  }
}