{
  "stats": {
    "suites": 2,
    "tests": 3,
    "passes": 2,
    "pending": 1,
    "failures": 0,
    "start": "2022-03-26T06:02:16.892Z",
    "end": "2022-03-26T06:02:30.013Z",
    "duration": 13121,
    "testsRegistered": 3,
    "passPercent": 100,
    "pendingPercent": 33.33333333333333,
    "other": 0,
    "hasOther": false,
    "skipped": 0,
    "hasSkipped": false
  },
  "results": [
    {
      "uuid": "049640fe-e8cc-4f62-aea7-b12aa484dbf1",
      "title": "",
      "fullFile": "",
      "file": "",
      "beforeHooks": [],
      "afterHooks": [],
      "tests": [],
      "suites": [
        {
          "uuid": "4d6f6d9e-ba3e-4fa3-94c9-a9c3ba722c35",
          "title": "Register",
          "fullFile": "C:\\Users\\IMBA PC\\Desktop\\Brick_QAE_Assessment_Richi_Ramadhan\\tests\\001_registration_test.js",
          "file": "\\tests\\001_registration_test.js",
          "beforeHooks": [
            {
              "title": "\"before all\" hook: codeceptjs.beforeSuite in \"Register\"",
              "fullTitle": "Register \"before all\" hook: codeceptjs.beforeSuite in \"Register\"",
              "timedOut": false,
              "duration": 422,
              "state": null,
              "speed": null,
              "pass": false,
              "fail": false,
              "pending": false,
              "context": null,
              "code": "scenario.suiteSetup(suite)",
              "err": {},
              "uuid": "5ed39750-f48d-4f23-a3a6-c6fc8b5fc825",
              "parentUUID": "4d6f6d9e-ba3e-4fa3-94c9-a9c3ba722c35",
              "isHook": true,
              "skipped": false
            },
            {
              "title": "\"before each\" hook: codeceptjs.before in \"Register\"",
              "fullTitle": "Register \"before each\" hook: codeceptjs.before in \"Register\"",
              "timedOut": false,
              "duration": 103,
              "state": null,
              "speed": null,
              "pass": false,
              "fail": false,
              "pending": false,
              "context": null,
              "code": "scenario.setup(suite)",
              "err": {},
              "uuid": "3e079993-9a67-4689-9c29-f06bbdbee112",
              "parentUUID": "4d6f6d9e-ba3e-4fa3-94c9-a9c3ba722c35",
              "isHook": true,
              "skipped": false
            }
          ],
          "afterHooks": [
            {
              "title": "\"after all\" hook: codeceptjs.afterSuite in \"Register\"",
              "fullTitle": "Register \"after all\" hook: codeceptjs.afterSuite in \"Register\"",
              "timedOut": false,
              "duration": 0,
              "state": null,
              "speed": null,
              "pass": false,
              "fail": false,
              "pending": false,
              "context": null,
              "code": "scenario.suiteTeardown(suite)",
              "err": {},
              "uuid": "7fff1f42-2b8e-4f14-a69d-56729a68893b",
              "parentUUID": "4d6f6d9e-ba3e-4fa3-94c9-a9c3ba722c35",
              "isHook": true,
              "skipped": false
            },
            {
              "title": "\"after each\" hook: finalize codeceptjs in \"Register\"",
              "fullTitle": "Register \"after each\" hook: finalize codeceptjs in \"Register\"",
              "timedOut": false,
              "duration": 54,
              "state": null,
              "speed": null,
              "pass": false,
              "fail": false,
              "pending": false,
              "context": null,
              "code": "scenario.teardown(suite)",
              "err": {},
              "uuid": "6c37e38a-9284-4d25-bfd7-93fbeb33fffc",
              "parentUUID": "4d6f6d9e-ba3e-4fa3-94c9-a9c3ba722c35",
              "isHook": true,
              "skipped": false
            }
          ],
          "tests": [
            {
              "title": "Registering With valid data",
              "fullTitle": "Register: Registering With valid data",
              "timedOut": false,
              "duration": 6535,
              "state": "passed",
              "speed": "slow",
              "pass": true,
              "fail": false,
              "pending": false,
              "context": null,
              "code": "I }) => {\n    const email = faker.internet.email()\n    I.amOnPage(\"\")\n    // Input Username\n    I.waitForVisible(\"#firstName\", process.env.TIMEOUT)\n    I.fillField(\"#firstName\", \"Richi\")\n    // Input Password\n    I.waitForVisible(\"#lastName\", process.env.TIMEOUT)\n    I.fillField(\"#lastName\", \"Ramadhan\")\n    // Input Email\n    I.waitForVisible(\"#email\", process.env.TIMEOUT)\n    I.fillField(\"#email\", verifiedEmail)\n    // Input Phone Number\n    I.waitForVisible(\"#phoneNumber\", process.env.TIMEOUT)\n    I.fillField(\"#phoneNumber\", faker.phone.phoneNumber('+62#########'))\n    // Input Address\n    I.waitForVisible(\"#address\", process.env.TIMEOUT)\n    I.fillField(\"#address\", \"addresss\")\n    // Input Password\n    I.waitForVisible(\"#password\", process.env.TIMEOUT)\n    I.fillField(\"#password\", \"password\")\n    // Input Confirm Password\n    I.waitForVisible(\"#confirm_password\", process.env.TIMEOUT)\n    I.fillField(\"#confirm_password\", \"password\")\n    // Click Regist\n    I.waitForVisible({name : \"register\"}, process.env.TIMEOUT)\n    I.click({name : \"register\"})\n    // verify \n    I.waitForText(\"Success\")",
              "err": {},
              "uuid": "dec79395-bd9e-4c3b-b864-cfc883916bfa",
              "parentUUID": "4d6f6d9e-ba3e-4fa3-94c9-a9c3ba722c35",
              "isHook": false,
              "skipped": false
            },
            {
              "title": "Verified the email",
              "fullTitle": "Register: Verified the email",
              "timedOut": false,
              "duration": 0,
              "state": "pending",
              "speed": null,
              "pass": false,
              "fail": false,
              "pending": true,
              "context": null,
              "code": "",
              "err": {},
              "uuid": "66f23903-6417-4467-ad13-b4296de316ea",
              "parentUUID": "4d6f6d9e-ba3e-4fa3-94c9-a9c3ba722c35",
              "isHook": false,
              "skipped": false
            }
          ],
          "suites": [],
          "passes": [
            "dec79395-bd9e-4c3b-b864-cfc883916bfa"
          ],
          "failures": [],
          "pending": [
            "66f23903-6417-4467-ad13-b4296de316ea"
          ],
          "skipped": [],
          "duration": 6535,
          "root": false,
          "rootEmpty": false,
          "_timeout": 0
        },
        {
          "uuid": "0a8fb57e-7e1b-435c-9679-0c19c2611201",
          "title": "Login",
          "fullFile": "C:\\Users\\IMBA PC\\Desktop\\Brick_QAE_Assessment_Richi_Ramadhan\\tests\\002_login_test.js",
          "file": "\\tests\\002_login_test.js",
          "beforeHooks": [
            {
              "title": "\"before all\" hook: codeceptjs.beforeSuite in \"Login\"",
              "fullTitle": "Login \"before all\" hook: codeceptjs.beforeSuite in \"Login\"",
              "timedOut": false,
              "duration": 0,
              "state": null,
              "speed": null,
              "pass": false,
              "fail": false,
              "pending": false,
              "context": null,
              "code": "scenario.suiteSetup(suite)",
              "err": {},
              "uuid": "b2c18a0f-7a1d-4302-8df6-176abcfaa2d3",
              "parentUUID": "0a8fb57e-7e1b-435c-9679-0c19c2611201",
              "isHook": true,
              "skipped": false
            },
            {
              "title": "\"before each\" hook: codeceptjs.before in \"Login\"",
              "fullTitle": "Login \"before each\" hook: codeceptjs.before in \"Login\"",
              "timedOut": false,
              "duration": 81,
              "state": null,
              "speed": null,
              "pass": false,
              "fail": false,
              "pending": false,
              "context": null,
              "code": "scenario.setup(suite)",
              "err": {},
              "uuid": "a99d70d4-9400-4985-b554-f16c05c36aec",
              "parentUUID": "0a8fb57e-7e1b-435c-9679-0c19c2611201",
              "isHook": true,
              "skipped": false
            }
          ],
          "afterHooks": [
            {
              "title": "\"after all\" hook: codeceptjs.afterSuite in \"Login\"",
              "fullTitle": "Login \"after all\" hook: codeceptjs.afterSuite in \"Login\"",
              "timedOut": false,
              "duration": 0,
              "state": null,
              "speed": null,
              "pass": false,
              "fail": false,
              "pending": false,
              "context": null,
              "code": "scenario.suiteTeardown(suite)",
              "err": {},
              "uuid": "f0e2decf-77a2-4828-99ee-882d18f656a0",
              "parentUUID": "0a8fb57e-7e1b-435c-9679-0c19c2611201",
              "isHook": true,
              "skipped": false
            },
            {
              "title": "\"after each\" hook: finalize codeceptjs in \"Login\"",
              "fullTitle": "Login \"after each\" hook: finalize codeceptjs in \"Login\"",
              "timedOut": false,
              "duration": 22,
              "state": null,
              "speed": null,
              "pass": false,
              "fail": false,
              "pending": false,
              "context": null,
              "code": "scenario.teardown(suite)",
              "err": {},
              "uuid": "2f19c662-02a6-46ee-814b-4a56145e7c05",
              "parentUUID": "0a8fb57e-7e1b-435c-9679-0c19c2611201",
              "isHook": true,
              "skipped": false
            }
          ],
          "tests": [
            {
              "title": "Login With valid data",
              "fullTitle": "Login: Login With valid data",
              "timedOut": false,
              "duration": 5898,
              "state": "passed",
              "speed": "slow",
              "pass": true,
              "fail": false,
              "pending": false,
              "context": null,
              "code": "I }) => {\n    I.amOnPage(\"login\")\n    // Input Username\n    console.log(process.env.TIMEOUT)\n    I.waitForVisible(\"#your_email\", process.env.TIMEOUT)\n    I.fillField(\"#your_email\", \"poiqwe1234524@gmail.com\")\n    // Input Password\n    I.waitForVisible(\"#password\", process.env.TIMEOUT)\n    I.fillField(\"#password\", \"password\")\n    // Click Submit\n    I.waitForVisible({ name: \"login\" })\n    I.click({ name: \"login\" })\n    // Verify Success message is appear\n    I.waitForText(\"Success\", process.env.TIMEOUT)",
              "err": {},
              "uuid": "3af9ee05-d58b-4948-9808-f6808051c384",
              "parentUUID": "0a8fb57e-7e1b-435c-9679-0c19c2611201",
              "isHook": false,
              "skipped": false
            }
          ],
          "suites": [],
          "passes": [
            "3af9ee05-d58b-4948-9808-f6808051c384"
          ],
          "failures": [],
          "pending": [],
          "skipped": [],
          "duration": 5898,
          "root": false,
          "rootEmpty": false,
          "_timeout": 0
        }
      ],
      "passes": [],
      "failures": [],
      "pending": [],
      "skipped": [],
      "duration": 0,
      "root": true,
      "rootEmpty": true,
      "_timeout": 0
    }
  ],
  "meta": {
    "mocha": {
      "version": "8.1.3"
    },
    "mochawesome": {
      "options": {
        "quiet": false,
        "reportFilename": "mochawesome",
        "saveHtml": true,
        "saveJson": true,
        "consoleReporter": "spec",
        "useInlineDiffs": false,
        "code": true
      },
      "version": "7.1.3"
    },
    "marge": {
      "options": "reportDir=output/mochawesome/",
      "version": "6.2.0"
    }
  }
}